<?xml version="1.0" encoding="UTF-8"?>
<!-- Generated by org.testng.reporters.JUnitReportReporter -->
<testsuite skipped="0" hostname="LAPTOP-JJ0Q9AH7" name="com.test.automation.uiautomation.homepage.TC_001Verfifyloginwithinvalidcredintials" tests="1" failures="0" timestamp="12 Jul 2018 16:20:10 GMT" time="5.290" errors="0">
  <testcase name="verfifyloginwithinvalidcredintials" time="5.290" classname="com.test.automation.uiautomation.homepage.TC_001Verfifyloginwithinvalidcredintials"/>
</testsuite> <!-- com.test.automation.uiautomation.homepage.TC_001Verfifyloginwithinvalidcredintials -->
